mode: atomic
github.com/Combaine/Combaine/common/servicecacher/cacher.go:26.25,31.2 3 1
github.com/Combaine/Combaine/common/servicecacher/cacher.go:33.58,35.8 2 1
github.com/Combaine/Combaine/common/servicecacher/cacher.go:39.2,40.8 2 1
github.com/Combaine/Combaine/common/servicecacher/cacher.go:35.8,37.3 1 0
github.com/Combaine/Combaine/common/servicecacher/cacher.go:43.56,46.2 2 2
github.com/Combaine/Combaine/common/servicecacher/cacher.go:48.55,52.8 4 1
github.com/Combaine/Combaine/common/servicecacher/cacher.go:56.2,57.16 2 1
github.com/Combaine/Combaine/common/servicecacher/cacher.go:61.2,65.15 4 0
github.com/Combaine/Combaine/common/servicecacher/cacher.go:52.8,54.3 1 0
github.com/Combaine/Combaine/common/servicecacher/cacher.go:57.16,59.3 1 1
